 1 0 0 0 
 3 0 0 0 
 4 0 0 0 
 2 0 0 0 
 4 0 0 0 
 4 0 0 0 
 4 0 0 0 
 3 0 0 0 
 6 0 0 0 
 6 0 0 0 
 6 0 0 0 
 5 0 0 0 
 5 0 0 0 
 6 0 0 0 
 10 15 19 6 
 9 15 19 6 
 7 15 19 6 
 9 15 19 6 
 8 15 19 6 
 9 15 19 6 
 10 15 19 6 
 11 15 25 8 
 13 15 25 8 
 13 15 25 8 
 12 15 25 8 
 12 15 25 8 
 11 15 25 8 
 12 15 25 8 
 14 22 34 8 
 15 22 34 8 
 15 22 34 8 
 14 22 34 8 
 15 22 34 8 
 15 22 34 8 
 14 22 34 8 
 18 29 32 16 
 16 29 32 16 
 16 29 32 16 
 19 29 32 16 
 16 29 32 16 
 17 29 32 16 
 18 29 32 16 
 22 18 22 8 
 23 18 22 8 
 22 18 22 8 
 20 18 22 8 
 21 18 22 8 
 21 18 22 8 
 22 18 22 8 
 25 0 0 0 
 25 0 0 0 
 25 0 0 0 
 25 0 0 0 
 24 0 0 0 
 24 0 0 0 
 25 0 0 0 
 28 20 36 8 
 29 20 36 8 
 29 20 36 8 
 26 20 36 8 
 27 20 36 8 
 28 20 36 8 
 28 20 36 8 
 32 27 33 14 
 30 27 33 14 
 30 27 33 14 
 32 27 33 14 
 31 27 33 14 
 31 27 33 14 
 32 27 33 14 
 33 16 24 8 
 34 16 24 8 
 34 16 24 8 
 34 16 24 8 
 33 16 24 8 
 35 0 0 0 
 39 0 0 0 
 38 0 0 0 
 36 0 0 0 
 36 0 0 0 
 36 0 0 0 
 35 0 0 0 
 37 0 0 0 
 36 0 0 0 
 41 20 23 8 
 43 20 23 8 
 42 20 23 8 
 42 20 23 8 
 40 20 23 8 
 40 20 23 8 
 42 20 23 8 
 41 20 23 8 
 44 59 77 30 
 47 2 3 2 
 44 59 77 30 
 48 0 0 0 
 49 0 0 0 
 46 2 3 2 
 45 59 77 30 
 45 59 77 30 
 46 2 3 2 
 48 0 0 0 
 54 16 24 8 
 55 16 24 8 
 52 16 24 8 
 53 16 24 8 
 54 16 24 8 
 50 16 24 8 
 51 16 24 8 
 51 16 24 8 
